0 info it worked if it ends with ok
1 verbose cli [ '/Users/mikaelhallgren/.nvm/versions/node/v0.12.0/bin/node',
1 verbose cli   '/Users/mikaelhallgren/.nvm/versions/node/v0.12.0/bin/npm',
1 verbose cli   'publish' ]
2 info using npm@2.5.1
3 info using node@v0.12.0
4 verbose publish [ '.' ]
5 silly cache add args [ '.', null ]
6 verbose cache add spec .
7 silly cache add parsed spec { raw: '.',
7 silly cache add   scope: null,
7 silly cache add   name: null,
7 silly cache add   rawSpec: '.',
7 silly cache add   spec: '/Users/mikaelhallgren/DEV/personal/lucene-parser',
7 silly cache add   type: 'directory' }
8 verbose addLocalDirectory /Users/mikaelhallgren/.npm/lucene-parser/0.1.0/package.tgz not in flight; packing
9 verbose tar pack [ '/Users/mikaelhallgren/.npm/lucene-parser/0.1.0/package.tgz',
9 verbose tar pack   '/Users/mikaelhallgren/DEV/personal/lucene-parser' ]
10 verbose tarball /Users/mikaelhallgren/.npm/lucene-parser/0.1.0/package.tgz
11 verbose folder /Users/mikaelhallgren/DEV/personal/lucene-parser
12 info prepublish lucene-parser@0.1.0
13 verbose addLocalTarball adding from inside cache /Users/mikaelhallgren/.npm/lucene-parser/0.1.0/package.tgz
14 silly cache afterAdd lucene-parser@0.1.0
15 verbose afterAdd /Users/mikaelhallgren/.npm/lucene-parser/0.1.0/package/package.json not in flight; writing
16 verbose afterAdd /Users/mikaelhallgren/.npm/lucene-parser/0.1.0/package/package.json written
17 silly publish { name: 'lucene-parser',
17 silly publish   version: '0.1.0',
17 silly publish   description: 'A small library providing utility methods to escape and unescape HTML entities',
17 silly publish   main: 'index.js',
17 silly publish   scripts: { test: 'make test' },
17 silly publish   repository: { type: 'git', url: 'git@github.com:Majkeen/lucene-parser.git' },
17 silly publish   keywords: [ 'escape', 'unescape', 'lucene', 'search' ],
17 silly publish   author:
17 silly publish    { name: 'Mikael Hallgren',
17 silly publish      email: 'hallgren.mikael@gmail.com',
17 silly publish      url: 'http://jobenscript.com/' },
17 silly publish   licenses:
17 silly publish    [ { type: 'MIT',
17 silly publish        url: 'https://github.com/Majkeen/lucene-parser/blob/master/LICENSE-MIT' } ],
17 silly publish   bugs: { url: 'https://github.com/Majkeen/lucene-parser/issues' },
17 silly publish   devDependencies: { chai: '^2.1.1', mocha: '^2.2.1' },
17 silly publish   dependencies: { lodash: '^3.5.0' },
17 silly publish   homepage: 'https://github.com/Majkeen/lucene-parser',
17 silly publish   directories: { test: 'test' },
17 silly publish   license: 'ISC',
17 silly publish   readme: 'Lucene-parser\n=========\n\nA minimal node module providing utility methods to `parse` an `search query` to lucene syntax.\n\n## Installation\n\n```shell\n  npm install lucene-parser --save\n```\n\n## Usage\n\n```js\n  var lucene_parser = require(\'lucene-parser\')\n  lucene_parser.setSearchTerm("hello:there i am a-test-string that.should.become lucne_firendly");\n\n  console.log(lucene_parser.getOriginalSearchTerm());\n  console.log(lucene_parser.getFormattedSearchTerm());\n```\n\n## Tests\n\n```shell\n   npm test\n```\n\n## Contributing\n\nIn lieu of a formal styleguide, take care to maintain the existing coding style.\nAdd unit tests for any new or changed functionality. Lint and test your code.\n\n## Feedback\n\nFeel free to drop me a line or a shoutout on [Twitter](https://twitter.com/mikael_hallgren), it would be cool to know if you find it useful and use it in any of your projects.\nAnd feel free to write me an issues if there is some functionality you miss.\n\n## Release History\n\n* 0.1.0 Initial release\n',
17 silly publish   readmeFilename: 'README.md',
17 silly publish   gitHead: 'cb3cfe6ac4b1da649d097227d821a845444789ff',
17 silly publish   _id: 'lucene-parser@0.1.0',
17 silly publish   _shasum: '6d7fdaa0c0f94ee4fae1bbb2db4ec06929939b2c',
17 silly publish   _from: '.' }
18 silly mapToRegistry name lucene-parser
19 silly mapToRegistry using default registry
20 silly mapToRegistry registry https://registry.npmjs.org/
21 silly mapToRegistry uri https://registry.npmjs.org/lucene-parser
22 verbose publish registryBase https://registry.npmjs.org/
23 silly publish uploading /Users/mikaelhallgren/.npm/lucene-parser/0.1.0/package.tgz
24 verbose request uri https://registry.npmjs.org/lucene-parser
25 verbose request sending authorization for write operation
26 info attempt registry request try #1 at 5:30:53 PM
27 verbose request id 46b66d5a7c03d610
28 http request PUT https://registry.npmjs.org/lucene-parser
29 http 403 https://registry.npmjs.org/lucene-parser
30 verbose headers { date: 'Fri, 20 Mar 2015 16:30:54 GMT',
30 verbose headers   server: 'CouchDB/1.5.0 (Erlang OTP/R16B03)',
30 verbose headers   'content-type': 'application/json',
30 verbose headers   'cache-control': 'max-age=60',
30 verbose headers   'content-length': '4147',
30 verbose headers   'accept-ranges': 'bytes',
30 verbose headers   via: '1.1 varnish',
30 verbose headers   'x-served-by': 'cache-fra1226-FRA',
30 verbose headers   'x-cache': 'MISS',
30 verbose headers   'x-cache-hits': '0',
30 verbose headers   'x-timer': 'S1426869053.879377,VS0,VE350',
30 verbose headers   'keep-alive': 'timeout=10, max=50',
30 verbose headers   connection: 'Keep-Alive' }
31 verbose request invalidating /Users/mikaelhallgren/.npm/registry.npmjs.org/lucene-parser on PUT
32 error publish Failed PUT 403
33 verbose stack Error: forbidden cannot modify pre-existing version: 0.1.0
33 verbose stack old={"name":"lucene-parser","version":"0.1.0","description":"A small library providing utility methods to escape and unescape HTML entities","main":"index.js","scripts":{"test":"make test"},"repository":{"type":"git","url":"git@github.com:Majkeen/lucene-parser.git"},"keywords":["escape","unescape","lucene","search"],"author":{"name":"Mikael Hallgren","email":"hallgren.mikael@gmail.com","url":"http://jobenscript.com/"},"licenses":[{"type":"MIT","url":"https://github.com/Majkeen/lucene-parser/blob/master/LICENSE-MIT"}],"bugs":{"url":"https://github.com/Majkeen/lucene-parser/issues"},"devDependencies":{"chai":"^2.1.1","lodash":"^3.5.0","mocha":"^2.2.1"},"homepage":"https://github.com/Majkeen/lucene-parser","directories":{"test":"test"},"license":"ISC","gitHead":"32fcf5c75e8818988afc8bb450c1db2cf7ea5e6f","_id":"lucene-parser@0.1.0","_shasum":"78b314de10582945e9366856ee9046a5b5960a46","_from":".","_npmVersion":"2.5.1","_nodeVersion":"0.12.0","_npmUser":{"name":"majkeeen","email":"hallgren.mikael@gmail.com"},"maintainers":[{"name":"majkeeen","email":"hallgren.mikael@gmail.com"}],"dist":{"shasum":"78b314de10582945e9366856ee9046a5b5960a46","tarball":"http://registry.npmjs.org/lucene-parser/-/lucene-parser-0.1.0.tgz"}}
33 verbose stack new={"name":"lucene-parser","version":"0.1.0","description":"A small library providing utility methods to escape and unescape HTML entities","main":"index.js","scripts":{"test":"make test"},"repository":{"type":"git","url":"git@github.com:Majkeen/lucene-parser.git"},"keywords":["escape","unescape","lucene","search"],"author":{"name":"Mikael Hallgren","email":"hallgren.mikael@gmail.com","url":"http://jobenscript.com/"},"licenses":[{"type":"MIT","url":"https://github.com/Majkeen/lucene-parser/blob/master/LICENSE-MIT"}],"bugs":{"url":"https://github.com/Majkeen/lucene-parser/issues"},"devDependencies":{"chai":"^2.1.1","mocha":"^2.2.1"},"dependencies":{"lodash":"^3.5.0"},"homepage":"https://github.com/Majkeen/lucene-parser","directories":{"test":"test"},"license":"ISC","readme":"Lucene-parser\u000a=========\u000a\u000aA minimal node module providing utility methods to `parse` an `search query` to lucene syntax.\u000a\u000a## Installation\u000a\u000a```shell\u000a  npm install lucene-parser --save\u000a```\u000a\u000a## Usage\u000a\u000a```js\u000a  var lucene_parser = require('lucene-parser')\u000a  lucene_parser.setSearchTerm(\"hello:there i am a-test-string that.should.become lucne_firendly\");\u000a\u000a  console.log(lucene_parser.getOriginalSearchTerm());\u000a  console.log(lucene_parser.getFormattedSearchTerm());\u000a```\u000a\u000a## Tests\u000a\u000a```shell\u000a   npm test\u000a```\u000a\u000a## Contributing\u000a\u000aIn lieu of a formal styleguide, take care to maintain the existing coding style.\u000aAdd unit tests for any new or changed functionality. Lint and test your code.\u000a\u000a## Feedback\u000a\u000aFeel free to drop me a line or a shoutout on [Twitter](https://twitter.com/mikael_hallgren), it would be cool to know if you find it useful and use it in any of your projects.\u000aAnd feel free to write me an issues if there is some functionality you miss.\u000a\u000a## Release History\u000a\u000a* 0.1.0 Initial release\u000a","readmeFilename":"README.md","gitHead":"cb3cfe6ac4b1da649d097227d821a845444789ff","_id":"lucene-parser@0.1.0","_shasum":"6d7fdaa0c0f94ee4fae1bbb2db4ec06929939b2c","_from":".","_npmVersion":"2.5.1","_nodeVersion":"0.12.0","_npmUser":{"name":"majkeeen","email":"hallgren.mikael@gmail.com"},"maintainers":[{"name":"majkeeen","email":"hallgren.mikael@gmail.com"}],"dist":{"shasum":"6d7fdaa0c0f94ee4fae1bbb2db4ec06929939b2c","tarball":"http://registry.npmjs.org/lucene-parser/-/lucene-parser-0.1.0.tgz"}}: lucene-parser
33 verbose stack     at CachingRegistryClient.<anonymous> (/Users/mikaelhallgren/.nvm/versions/node/v0.12.0/lib/node_modules/npm/node_modules/npm-registry-client/lib/request.js:254:14)
33 verbose stack     at Request._callback (/Users/mikaelhallgren/.nvm/versions/node/v0.12.0/lib/node_modules/npm/node_modules/npm-registry-client/lib/request.js:178:14)
33 verbose stack     at Request.self.callback (/Users/mikaelhallgren/.nvm/versions/node/v0.12.0/lib/node_modules/npm/node_modules/request/request.js:344:22)
33 verbose stack     at Request.emit (events.js:110:17)
33 verbose stack     at Request.<anonymous> (/Users/mikaelhallgren/.nvm/versions/node/v0.12.0/lib/node_modules/npm/node_modules/request/request.js:1239:14)
33 verbose stack     at Request.emit (events.js:129:20)
33 verbose stack     at IncomingMessage.<anonymous> (/Users/mikaelhallgren/.nvm/versions/node/v0.12.0/lib/node_modules/npm/node_modules/request/request.js:1187:12)
33 verbose stack     at IncomingMessage.emit (events.js:129:20)
33 verbose stack     at _stream_readable.js:908:16
33 verbose stack     at process._tickCallback (node.js:355:11)
34 verbose statusCode 403
35 verbose pkgid lucene-parser
36 verbose cwd /Users/mikaelhallgren/DEV/personal/lucene-parser
37 error Darwin 14.1.0
38 error argv "/Users/mikaelhallgren/.nvm/versions/node/v0.12.0/bin/node" "/Users/mikaelhallgren/.nvm/versions/node/v0.12.0/bin/npm" "publish"
39 error node v0.12.0
40 error npm  v2.5.1
41 error code E403
42 error forbidden cannot modify pre-existing version: 0.1.0
42 error old={"name":"lucene-parser","version":"0.1.0","description":"A small library providing utility methods to escape and unescape HTML entities","main":"index.js","scripts":{"test":"make test"},"repository":{"type":"git","url":"git@github.com:Majkeen/lucene-parser.git"},"keywords":["escape","unescape","lucene","search"],"author":{"name":"Mikael Hallgren","email":"hallgren.mikael@gmail.com","url":"http://jobenscript.com/"},"licenses":[{"type":"MIT","url":"https://github.com/Majkeen/lucene-parser/blob/master/LICENSE-MIT"}],"bugs":{"url":"https://github.com/Majkeen/lucene-parser/issues"},"devDependencies":{"chai":"^2.1.1","lodash":"^3.5.0","mocha":"^2.2.1"},"homepage":"https://github.com/Majkeen/lucene-parser","directories":{"test":"test"},"license":"ISC","gitHead":"32fcf5c75e8818988afc8bb450c1db2cf7ea5e6f","_id":"lucene-parser@0.1.0","_shasum":"78b314de10582945e9366856ee9046a5b5960a46","_from":".","_npmVersion":"2.5.1","_nodeVersion":"0.12.0","_npmUser":{"name":"majkeeen","email":"hallgren.mikael@gmail.com"},"maintainers":[{"name":"majkeeen","email":"hallgren.mikael@gmail.com"}],"dist":{"shasum":"78b314de10582945e9366856ee9046a5b5960a46","tarball":"http://registry.npmjs.org/lucene-parser/-/lucene-parser-0.1.0.tgz"}}
42 error new={"name":"lucene-parser","version":"0.1.0","description":"A small library providing utility methods to escape and unescape HTML entities","main":"index.js","scripts":{"test":"make test"},"repository":{"type":"git","url":"git@github.com:Majkeen/lucene-parser.git"},"keywords":["escape","unescape","lucene","search"],"author":{"name":"Mikael Hallgren","email":"hallgren.mikael@gmail.com","url":"http://jobenscript.com/"},"licenses":[{"type":"MIT","url":"https://github.com/Majkeen/lucene-parser/blob/master/LICENSE-MIT"}],"bugs":{"url":"https://github.com/Majkeen/lucene-parser/issues"},"devDependencies":{"chai":"^2.1.1","mocha":"^2.2.1"},"dependencies":{"lodash":"^3.5.0"},"homepage":"https://github.com/Majkeen/lucene-parser","directories":{"test":"test"},"license":"ISC","readme":"Lucene-parser\u000a=========\u000a\u000aA minimal node module providing utility methods to `parse` an `search query` to lucene syntax.\u000a\u000a## Installation\u000a\u000a```shell\u000a  npm install lucene-parser --save\u000a```\u000a\u000a## Usage\u000a\u000a```js\u000a  var lucene_parser = require('lucene-parser')\u000a  lucene_parser.setSearchTerm(\"hello:there i am a-test-string that.should.become lucne_firendly\");\u000a\u000a  console.log(lucene_parser.getOriginalSearchTerm());\u000a  console.log(lucene_parser.getFormattedSearchTerm());\u000a```\u000a\u000a## Tests\u000a\u000a```shell\u000a   npm test\u000a```\u000a\u000a## Contributing\u000a\u000aIn lieu of a formal styleguide, take care to maintain the existing coding style.\u000aAdd unit tests for any new or changed functionality. Lint and test your code.\u000a\u000a## Feedback\u000a\u000aFeel free to drop me a line or a shoutout on [Twitter](https://twitter.com/mikael_hallgren), it would be cool to know if you find it useful and use it in any of your projects.\u000aAnd feel free to write me an issues if there is some functionality you miss.\u000a\u000a## Release History\u000a\u000a* 0.1.0 Initial release\u000a","readmeFilename":"README.md","gitHead":"cb3cfe6ac4b1da649d097227d821a845444789ff","_id":"lucene-parser@0.1.0","_shasum":"6d7fdaa0c0f94ee4fae1bbb2db4ec06929939b2c","_from":".","_npmVersion":"2.5.1","_nodeVersion":"0.12.0","_npmUser":{"name":"majkeeen","email":"hallgren.mikael@gmail.com"},"maintainers":[{"name":"majkeeen","email":"hallgren.mikael@gmail.com"}],"dist":{"shasum":"6d7fdaa0c0f94ee4fae1bbb2db4ec06929939b2c","tarball":"http://registry.npmjs.org/lucene-parser/-/lucene-parser-0.1.0.tgz"}}: lucene-parser
43 error If you need help, you may report this error at:
43 error     <http://github.com/npm/npm/issues>
44 verbose exit [ 1, true ]
